# JRE version: OpenJDK Runtime Environment (21.0.6) (build 21.0.6+-13391695-b895.109)
# Java VM: OpenJDK 64-Bit Server VM (21.0.6+-13391695-b895.109, mixed mode, tiered, compressed oops, compressed class ptrs, g1 gc, windows-amd64)
GC Precious Log:
 CardTable entry size: 512
 Card Set container configuration: InlinePtr #cards 5 size 8 Array Of Cards #cards 12 size 40 Howl #buckets 4 coarsen threshold 1843 Howl Bitmap #cards 512 size 80 coarsen threshold 460 Card regions per heap region 1 cards per card region 2048
 CPUs: 8 total, 8 available
 Memory: 16163M
 Large Page Support: Disabled
 NUMA Support: Disabled
 Compressed Oops: Enabled (32-bit)
 Heap Region Size: 1M
 Heap Min Capacity: 8M
 Heap Initial Capacity: 254M
 Heap Max Capacity: 2G
 Pre-touch: Disabled
 Parallel Workers: 8
 Concurrent Workers: 2
 Concurrent Refinement Workers: 8
 Periodic GC: Disabled
Heap:
 garbage-first heap   total 70656K, used 46468K [0x0000000080000000, 0x0000000100000000)
  region size 1024K, 18 young (18432K), 3 survivors (3072K)
 Metaspace       used 47048K, committed 48192K, reserved 1114112K
  class space    used 6151K, committed 6720K, reserved 1048576K
GC Heap History (20 events):
Event: 0.903 GC heap before
{Heap before GC invocations=0 (full 0):
 garbage-first heap   total 260096K, used 22528K [0x0000000080000000, 0x0000000100000000)
  region size 1024K, 23 young (23552K), 0 survivors (0K)
 Metaspace       used 7966K, committed 8128K, reserved 1114112K
  class space    used 709K, committed 768K, reserved 1048576K
}
Event: 0.908 GC heap after
{Heap after GC invocations=1 (full 0):
 garbage-first heap   total 260096K, used 2389K [0x0000000080000000, 0x0000000100000000)
  region size 1024K, 3 young (3072K), 3 survivors (3072K)
 Metaspace       used 7966K, committed 8128K, reserved 1114112K
  class space    used 709K, committed 768K, reserved 1048576K
}
Event: 2.385 GC heap before
{Heap before GC invocations=1 (full 0):
 garbage-first heap   total 260096K, used 40277K [0x0000000080000000, 0x0000000100000000)
  region size 1024K, 38 young (38912K), 3 survivors (3072K)
 Metaspace       used 12199K, committed 12352K, reserved 1114112K
  class space    used 1283K, committed 1344K, reserved 1048576K
}
Event: 2.394 GC heap after
{Heap after GC invocations=2 (full 0):
 garbage-first heap   total 260096K, used 10691K [0x0000000080000000, 0x0000000100000000)
  region size 1024K, 5 young (5120K), 5 survivors (5120K)
 Metaspace       used 12199K, committed 12352K, reserved 1114112K
  class space    used 1283K, committed 1344K, reserved 1048576K
}
Event: 3.331 GC heap before
{Heap before GC invocations=2 (full 0):
 garbage-first heap   total 260096K, used 60867K [0x0000000080000000, 0x0000000100000000)
  region size 1024K, 52 young (53248K), 5 survivors (5120K)
 Metaspace       used 14623K, committed 14912K, reserved 1114112K
  class space    used 1589K, committed 1728K, reserved 1048576K
}
Event: 3.337 GC heap after
{Heap after GC invocations=3 (full 0):
 garbage-first heap   total 260096K, used 17874K [0x0000000080000000, 0x0000000100000000)
  region size 1024K, 6 young (6144K), 6 survivors (6144K)
 Metaspace       used 14623K, committed 14912K, reserved 1114112K
  class space    used 1589K, committed 1728K, reserved 1048576K
}
Event: 3.998 GC heap before
{Heap before GC invocations=3 (full 0):
 garbage-first heap   total 260096K, used 42450K [0x0000000080000000, 0x0000000100000000)
  region size 1024K, 31 young (31744K), 6 survivors (6144K)
 Metaspace       used 21180K, committed 21504K, reserved 1114112K
  class space    used 2448K, committed 2624K, reserved 1048576K
}
Event: 4.002 GC heap after
{Heap after GC invocations=4 (full 0):
 garbage-first heap   total 260096K, used 20017K [0x0000000080000000, 0x0000000100000000)
  region size 1024K, 8 young (8192K), 8 survivors (8192K)
 Metaspace       used 21180K, committed 21504K, reserved 1114112K
  class space    used 2448K, committed 2624K, reserved 1048576K
}
Event: 4.685 GC heap before
{Heap before GC invocations=5 (full 0):
 garbage-first heap   total 68608K, used 51761K [0x0000000080000000, 0x0000000100000000)
  region size 1024K, 40 young (40960K), 8 survivors (8192K)
 Metaspace       used 26747K, committed 27264K, reserved 1114112K
  class space    used 3279K, committed 3520K, reserved 1048576K
}
Event: 4.691 GC heap after
{Heap after GC invocations=6 (full 0):
 garbage-first heap   total 68608K, used 21831K [0x0000000080000000, 0x0000000100000000)
  region size 1024K, 5 young (5120K), 5 survivors (5120K)
 Metaspace       used 26747K, committed 27264K, reserved 1114112K
  class space    used 3279K, committed 3520K, reserved 1048576K
}
Event: 5.734 GC heap before
{Heap before GC invocations=6 (full 0):
 garbage-first heap   total 68608K, used 54599K [0x0000000080000000, 0x0000000100000000)
  region size 1024K, 37 young (37888K), 5 survivors (5120K)
 Metaspace       used 31136K, committed 31808K, reserved 1114112K
  class space    used 4040K, committed 4352K, reserved 1048576K
}
Event: 5.744 GC heap after
{Heap after GC invocations=7 (full 0):
 garbage-first heap   total 68608K, used 24233K [0x0000000080000000, 0x0000000100000000)
  region size 1024K, 5 young (5120K), 5 survivors (5120K)
 Metaspace       used 31136K, committed 31808K, reserved 1114112K
  class space    used 4040K, committed 4352K, reserved 1048576K
}
Event: 6.578 GC heap before
{Heap before GC invocations=7 (full 0):
 garbage-first heap   total 68608K, used 51881K [0x0000000080000000, 0x0000000100000000)
  region size 1024K, 34 young (34816K), 5 survivors (5120K)
 Metaspace       used 35280K, committed 36096K, reserved 1114112K
  class space    used 4713K, committed 5120K, reserved 1048576K
}
Event: 6.589 GC heap after
{Heap after GC invocations=8 (full 0):
 garbage-first heap   total 68608K, used 26009K [0x0000000080000000, 0x0000000100000000)
  region size 1024K, 5 young (5120K), 5 survivors (5120K)
 Metaspace       used 35280K, committed 36096K, reserved 1114112K
  class space    used 4713K, committed 5120K, reserved 1048576K
}
Event: 7.262 GC heap before
{Heap before GC invocations=9 (full 0):
 garbage-first heap   total 68608K, used 56729K [0x0000000080000000, 0x0000000100000000)
  region size 1024K, 36 young (36864K), 5 survivors (5120K)
 Metaspace       used 42238K, committed 43200K, reserved 1114112K
  class space    used 5504K, committed 5952K, reserved 1048576K
}
Event: 7.268 GC heap after
{Heap after GC invocations=10 (full 0):
 garbage-first heap   total 68608K, used 30168K [0x0000000080000000, 0x0000000100000000)
  region size 1024K, 5 young (5120K), 5 survivors (5120K)
 Metaspace       used 42238K, committed 43200K, reserved 1114112K
  class space    used 5504K, committed 5952K, reserved 1048576K
}
Event: 7.521 GC heap before
{Heap before GC invocations=10 (full 0):
 garbage-first heap   total 68608K, used 59864K [0x0000000080000000, 0x0000000100000000)
  region size 1024K, 33 young (33792K), 5 survivors (5120K)
 Metaspace       used 44357K, committed 45376K, reserved 1114112K
  class space    used 5699K, committed 6208K, reserved 1048576K
}
Event: 7.527 GC heap after
{Heap after GC invocations=11 (full 0):
 garbage-first heap   total 70656K, used 32152K [0x0000000080000000, 0x0000000100000000)
  region size 1024K, 3 young (3072K), 3 survivors (3072K)
 Metaspace       used 44357K, committed 45376K, reserved 1114112K
  class space    used 5699K, committed 6208K, reserved 1048576K
}
Event: 7.681 GC heap before
{Heap before GC invocations=11 (full 0):
 garbage-first heap   total 70656K, used 60824K [0x0000000080000000, 0x0000000100000000)
  region size 1024K, 31 young (31744K), 3 survivors (3072K)
 Metaspace       used 45312K, committed 46336K, reserved 1114112K
  class space    used 5854K, committed 6336K, reserved 1048576K
}
Event: 7.684 GC heap after
{Heap after GC invocations=12 (full 0):
 garbage-first heap   total 70656K, used 32132K [0x0000000080000000, 0x0000000100000000)
  region size 1024K, 3 young (3072K), 3 survivors (3072K)
 Metaspace       used 45312K, committed 46336K, reserved 1114112K
  class space    used 5854K, committed 6336K, reserved 1048576K
}

